# JRE version: OpenJDK Runtime Environment (8.0_242-b01) (build 1.8.0_242-release-1644-b01)
# Java VM: OpenJDK 64-Bit Server VM (25.242-b01 mixed mode windows-amd64 compressed oops)
Heap:
 PSYoungGen      total 308224K, used 124744K [0x00000000d5580000, 0x00000000eed80000, 0x0000000100000000)
  eden space 289280K, 43% used [0x00000000d5580000,0x00000000dcf52218,0x00000000e7000000)
  from space 18944K, 0% used [0x00000000e7000000,0x00000000e7000000,0x00000000e8280000)
  to   space 24064K, 0% used [0x00000000ed600000,0x00000000ed600000,0x00000000eed80000)
 ParOldGen       total 163328K, used 40122K [0x0000000080000000, 0x0000000089f80000, 0x00000000d5580000)
  object space 163328K, 24% used [0x0000000080000000,0x000000008272e960,0x0000000089f80000)
 Metaspace       used 61680K, capacity 63974K, committed 64296K, reserved 1103872K
  class space    used 8439K, capacity 8932K, committed 9000K, reserved 1048576K
GC Heap History (10 events):
Event: 10.597 GC heap before
{Heap before GC invocations=8 (full 1):
 PSYoungGen      total 183296K, used 91887K [0x00000000d5580000, 0x00000000e2c00000, 0x0000000100000000)
  eden space 172544K, 47% used [0x00000000d5580000,0x00000000da50ceb8,0x00000000dfe00000)
  from space 10752K, 96% used [0x00000000e2180000,0x00000000e2baefc0,0x00000000e2c00000)
  to   space 12800K, 0% used [0x00000000e1300000,0x00000000e1300000,0x00000000e1f80000)
 ParOldGen       total 71680K, used 8531K [0x0000000080000000, 0x0000000084600000, 0x00000000d5580000)
  object space 71680K, 11% used [0x0000000080000000,0x0000000080854f80,0x0000000084600000)
 Metaspace       used 34420K, capacity 35398K, committed 35496K, reserved 1079296K
  class space    used 4680K, capacity 4946K, committed 5032K, reserved 1048576K
Event: 10.637 GC heap after
Heap after GC invocations=8 (full 1):
 PSYoungGen      total 206848K, used 11518K [0x00000000d5580000, 0x00000000e9380000, 0x0000000100000000)
  eden space 194048K, 0% used [0x00000000d5580000,0x00000000d5580000,0x00000000e1300000)
  from space 12800K, 89% used [0x00000000e1300000,0x00000000e1e3f990,0x00000000e1f80000)
  to   space 13824K, 0% used [0x00000000e8600000,0x00000000e8600000,0x00000000e9380000)
 ParOldGen       total 71680K, used 8539K [0x0000000080000000, 0x0000000084600000, 0x00000000d5580000)
  object space 71680K, 11% used [0x0000000080000000,0x0000000080856f80,0x0000000084600000)
 Metaspace       used 34420K, capacity 35398K, committed 35496K, reserved 1079296K
  class space    used 4680K, capacity 4946K, committed 5032K, reserved 1048576K
}
Event: 10.637 GC heap before
{Heap before GC invocations=9 (full 2):
 PSYoungGen      total 206848K, used 11518K [0x00000000d5580000, 0x00000000e9380000, 0x0000000100000000)
  eden space 194048K, 0% used [0x00000000d5580000,0x00000000d5580000,0x00000000e1300000)
  from space 12800K, 89% used [0x00000000e1300000,0x00000000e1e3f990,0x00000000e1f80000)
  to   space 13824K, 0% used [0x00000000e8600000,0x00000000e8600000,0x00000000e9380000)
 ParOldGen       total 71680K, used 8539K [0x0000000080000000, 0x0000000084600000, 0x00000000d5580000)
  object space 71680K, 11% used [0x0000000080000000,0x0000000080856f80,0x0000000084600000)
 Metaspace       used 34420K, capacity 35398K, committed 35496K, reserved 1079296K
  class space    used 4680K, capacity 4946K, committed 5032K, reserved 1048576K
Event: 10.802 GC heap after
Heap after GC invocations=9 (full 2):
 PSYoungGen      total 206848K, used 0K [0x00000000d5580000, 0x00000000e9380000, 0x0000000100000000)
  eden space 194048K, 0% used [0x00000000d5580000,0x00000000d5580000,0x00000000e1300000)
  from space 12800K, 0% used [0x00000000e1300000,0x00000000e1300000,0x00000000e1f80000)
  to   space 13824K, 0% used [0x00000000e8600000,0x00000000e8600000,0x00000000e9380000)
 ParOldGen       total 109056K, used 18954K [0x0000000080000000, 0x0000000086a80000, 0x00000000d5580000)
  object space 109056K, 17% used [0x0000000080000000,0x0000000081282850,0x0000000086a80000)
 Metaspace       used 34420K, capacity 35398K, committed 35496K, reserved 1079296K
  class space    used 4680K, capacity 4946K, committed 5032K, reserved 1048576K
}
Event: 19.488 GC heap before
{Heap before GC invocations=10 (full 2):
 PSYoungGen      total 206848K, used 194048K [0x00000000d5580000, 0x00000000e9380000, 0x0000000100000000)
  eden space 194048K, 100% used [0x00000000d5580000,0x00000000e1300000,0x00000000e1300000)
  from space 12800K, 0% used [0x00000000e1300000,0x00000000e1300000,0x00000000e1f80000)
  to   space 13824K, 0% used [0x00000000e8600000,0x00000000e8600000,0x00000000e9380000)
 ParOldGen       total 109056K, used 18954K [0x0000000080000000, 0x0000000086a80000, 0x00000000d5580000)
  object space 109056K, 17% used [0x0000000080000000,0x0000000081282850,0x0000000086a80000)
 Metaspace       used 47594K, capacity 49310K, committed 49576K, reserved 1091584K
  class space    used 6415K, capacity 6782K, committed 6824K, reserved 1048576K
Event: 19.520 GC heap after
Heap after GC invocations=10 (full 2):
 PSYoungGen      total 303104K, used 13792K [0x00000000d5580000, 0x00000000e9500000, 0x0000000100000000)
  eden space 289280K, 0% used [0x00000000d5580000,0x00000000d5580000,0x00000000e7000000)
  from space 13824K, 99% used [0x00000000e8600000,0x00000000e9378340,0x00000000e9380000)
  to   space 18944K, 0% used [0x00000000e7000000,0x00000000e7000000,0x00000000e8280000)
 ParOldGen       total 109056K, used 26288K [0x0000000080000000, 0x0000000086a80000, 0x00000000d5580000)
  object space 109056K, 24% used [0x0000000080000000,0x00000000819ac2d8,0x0000000086a80000)
 Metaspace       used 47594K, capacity 49310K, committed 49576K, reserved 1091584K
  class space    used 6415K, capacity 6782K, committed 6824K, reserved 1048576K
}
Event: 22.727 GC heap before
{Heap before GC invocations=11 (full 2):
 PSYoungGen      total 303104K, used 140675K [0x00000000d5580000, 0x00000000e9500000, 0x0000000100000000)
  eden space 289280K, 43% used [0x00000000d5580000,0x00000000dd168aa8,0x00000000e7000000)
  from space 13824K, 99% used [0x00000000e8600000,0x00000000e9378340,0x00000000e9380000)
  to   space 18944K, 0% used [0x00000000e7000000,0x00000000e7000000,0x00000000e8280000)
 ParOldGen       total 109056K, used 26288K [0x0000000080000000, 0x0000000086a80000, 0x00000000d5580000)
  object space 109056K, 24% used [0x0000000080000000,0x00000000819ac2d8,0x0000000086a80000)
 Metaspace       used 56878K, capacity 59084K, committed 59160K, reserved 1099776K
  class space    used 7712K, capacity 8197K, committed 8232K, reserved 1048576K
Event: 22.774 GC heap after
Heap after GC invocations=11 (full 2):
 PSYoungGen      total 308224K, used 18924K [0x00000000d5580000, 0x00000000eed80000, 0x0000000100000000)
  eden space 289280K, 0% used [0x00000000d5580000,0x00000000d5580000,0x00000000e7000000)
  from space 18944K, 99% used [0x00000000e7000000,0x00000000e827b340,0x00000000e8280000)
  to   space 24064K, 0% used [0x00000000ed600000,0x00000000ed600000,0x00000000eed80000)
 ParOldGen       total 109056K, used 32311K [0x0000000080000000, 0x0000000086a80000, 0x00000000d5580000)
  object space 109056K, 29% used [0x0000000080000000,0x0000000081f8df58,0x0000000086a80000)
 Metaspace       used 56878K, capacity 59084K, committed 59160K, reserved 1099776K
  class space    used 7712K, capacity 8197K, committed 8232K, reserved 1048576K
}
Event: 22.774 GC heap before
{Heap before GC invocations=12 (full 3):
 PSYoungGen      total 308224K, used 18924K [0x00000000d5580000, 0x00000000eed80000, 0x0000000100000000)
  eden space 289280K, 0% used [0x00000000d5580000,0x00000000d5580000,0x00000000e7000000)
  from space 18944K, 99% used [0x00000000e7000000,0x00000000e827b340,0x00000000e8280000)
  to   space 24064K, 0% used [0x00000000ed600000,0x00000000ed600000,0x00000000eed80000)
 ParOldGen       total 109056K, used 32311K [0x0000000080000000, 0x0000000086a80000, 0x00000000d5580000)
  object space 109056K, 29% used [0x0000000080000000,0x0000000081f8df58,0x0000000086a80000)
 Metaspace       used 56878K, capacity 59084K, committed 59160K, reserved 1099776K
  class space    used 7712K, capacity 8197K, committed 8232K, reserved 1048576K
Event: 23.148 GC heap after
Heap after GC invocations=12 (full 3):
 PSYoungGen      total 308224K, used 0K [0x00000000d5580000, 0x00000000eed80000, 0x0000000100000000)
  eden space 289280K, 0% used [0x00000000d5580000,0x00000000d5580000,0x00000000e7000000)
  from space 18944K, 0% used [0x00000000e7000000,0x00000000e7000000,0x00000000e8280000)
  to   space 24064K, 0% used [0x00000000ed600000,0x00000000ed600000,0x00000000eed80000)
 ParOldGen       total 163328K, used 40122K [0x0000000080000000, 0x0000000089f80000, 0x00000000d5580000)
  object space 163328K, 24% used [0x0000000080000000,0x000000008272e960,0x0000000089f80000)
 Metaspace       used 56867K, capacity 59048K, committed 59160K, reserved 1099776K
  class space    used 7708K, capacity 8191K, committed 8232K, reserved 1048576K
}

